<?xml version="1.0" encoding="UTF-8"?>
<!-- Generated by org.testng.reporters.JUnitReportReporter -->
<testsuite hostname="DESKTOP-1N0VLJU" failures="0" tests="2" name="MyTestCase" time="46.336" errors="0" timestamp="2024-11-16T13:45:09 EET" skipped="0">
  <testcase classname="MyTestCase" name="signUp" time="39.426"/>
  <system-out/>
  <testcase classname="MyTestCase" name="logOut" time="6.910"/>
  <system-out/>
</testsuite> <!-- MyTestCase -->
